2021-02-04 23:00:57,544 [ 1] INFO  Unity: LoadingManager start
2021-02-04 23:01:00,671 [ 1] INFO  Unity: DataManager > DataManager()
2021-02-04 23:01:09,094 [ 1] INFO  Unity: UserLoginRequest::user :123 psw:123
2021-02-04 23:01:09,095 [ 1] INFO  Unity: ConnectToServer() Start 
2021-02-04 23:01:09,096 [ 1] INFO  Unity: DoConnect
2021-02-04 23:01:09,098 [ 1] INFO  Unity: NetClient.DoConnect on 127.0.0.1:8000
2021-02-04 23:01:09,100 [ 1] INFO  Unity: Connect[0] to server 127.0.0.1:8000

2021-02-04 23:01:11,117 [ 1] WARN  Unity: CloseConnection(), errorCode: 1005
UnityEngine.Debug:LogWarning(Object)
Network.NetClient:CloseConnection(Int32) (at Assets/Scripts/Network/NetClient.cs:180)
Network.NetClient:DoConnect() (at Assets/Scripts/Network/NetClient.cs:274)
Network.NetClient:Connect(Int32) (at Assets/Scripts/Network/NetClient.cs:169)
Services.UserService:ConnectToServer() (at Assets/Scripts/Services/UserService.cs:53)
Services.UserService:SendLogin(String, String) (at Assets/Scripts/Services/UserService.cs:131)
UILogin:OnClickLogin() (at Assets/Scripts/UI/UILogin.cs:40)
UnityEngine.EventSystems.EventSystem:Update()

2021-02-04 23:01:11,133 [ 1] ERROR Unity: DoConnect SocketException:[10061,ConnectionRefused,10061]System.Net.Sockets.SocketException: 由于目标计算机积极拒绝，无法连接。

  at System.Net.Sockets.Socket.Connect (System.Net.EndPoint remoteEP, Boolean requireSocketPolicy) [0x00000] in <filename unknown>:0 
  at System.Net.Sockets.Socket+Worker.Connect () [0x00000] in <filename unknown>:0  
UnityEngine.Debug:LogErrorFormat(String, Object[])
Network.NetClient:DoConnect() (at Assets/Scripts/Network/NetClient.cs:276)
Network.NetClient:Connect(Int32) (at Assets/Scripts/Network/NetClient.cs:169)
Services.UserService:ConnectToServer() (at Assets/Scripts/Services/UserService.cs:53)
Services.UserService:SendLogin(String, String) (at Assets/Scripts/Services/UserService.cs:131)
UILogin:OnClickLogin() (at Assets/Scripts/UI/UILogin.cs:40)
UnityEngine.EventSystems.EventSystem:Update()

2021-02-04 23:01:11,134 [ 1] INFO  Unity: DoConnect
2021-02-04 23:01:11,136 [ 1] INFO  Unity: NetClient.DoConnect on 127.0.0.1:8000
2021-02-04 23:01:11,138 [ 1] INFO  Unity: Connect[1] to server 127.0.0.1:8000

2021-02-04 23:01:13,143 [ 1] WARN  Unity: CloseConnection(), errorCode: 1005
UnityEngine.Debug:LogWarning(Object)
Network.NetClient:CloseConnection(Int32) (at Assets/Scripts/Network/NetClient.cs:180)
Network.NetClient:DoConnect() (at Assets/Scripts/Network/NetClient.cs:274)
Network.NetClient:Connect(Int32) (at Assets/Scripts/Network/NetClient.cs:169)
Network.NetClient:KeepConnect() (at Assets/Scripts/Network/NetClient.cs:315)
Network.NetClient:Update() (at Assets/Scripts/Network/NetClient.cs:432)

2021-02-04 23:01:13,146 [ 1] ERROR Unity: DoConnect SocketException:[10061,ConnectionRefused,10061]System.Net.Sockets.SocketException: 由于目标计算机积极拒绝，无法连接。

  at System.Net.Sockets.Socket.Connect (System.Net.EndPoint remoteEP, Boolean requireSocketPolicy) [0x00000] in <filename unknown>:0 
  at System.Net.Sockets.Socket+Worker.Connect () [0x00000] in <filename unknown>:0  
UnityEngine.Debug:LogErrorFormat(String, Object[])
Network.NetClient:DoConnect() (at Assets/Scripts/Network/NetClient.cs:276)
Network.NetClient:Connect(Int32) (at Assets/Scripts/Network/NetClient.cs:169)
Network.NetClient:KeepConnect() (at Assets/Scripts/Network/NetClient.cs:315)
Network.NetClient:Update() (at Assets/Scripts/Network/NetClient.cs:432)

2021-02-04 23:01:13,198 [ 1] INFO  Unity: DoConnect
2021-02-04 23:01:13,198 [ 1] INFO  Unity: NetClient.DoConnect on 127.0.0.1:8000
2021-02-04 23:01:13,200 [ 1] INFO  Unity: Connect[2] to server 127.0.0.1:8000

2021-02-04 23:01:15,204 [ 1] WARN  Unity: CloseConnection(), errorCode: 1005
UnityEngine.Debug:LogWarning(Object)
Network.NetClient:CloseConnection(Int32) (at Assets/Scripts/Network/NetClient.cs:180)
Network.NetClient:DoConnect() (at Assets/Scripts/Network/NetClient.cs:274)
Network.NetClient:Connect(Int32) (at Assets/Scripts/Network/NetClient.cs:169)
Network.NetClient:KeepConnect() (at Assets/Scripts/Network/NetClient.cs:315)
Network.NetClient:Update() (at Assets/Scripts/Network/NetClient.cs:432)

2021-02-04 23:01:15,205 [ 1] ERROR Unity: DoConnect SocketException:[10061,ConnectionRefused,10061]System.Net.Sockets.SocketException: 由于目标计算机积极拒绝，无法连接。

  at System.Net.Sockets.Socket.Connect (System.Net.EndPoint remoteEP, Boolean requireSocketPolicy) [0x00000] in <filename unknown>:0 
  at System.Net.Sockets.Socket+Worker.Connect () [0x00000] in <filename unknown>:0  
UnityEngine.Debug:LogErrorFormat(String, Object[])
Network.NetClient:DoConnect() (at Assets/Scripts/Network/NetClient.cs:276)
Network.NetClient:Connect(Int32) (at Assets/Scripts/Network/NetClient.cs:169)
Network.NetClient:KeepConnect() (at Assets/Scripts/Network/NetClient.cs:315)
Network.NetClient:Update() (at Assets/Scripts/Network/NetClient.cs:432)

2021-02-04 23:01:15,206 [ 1] INFO  Unity: LoadingMesager::OnGameServerConnect :1 reason:Cannot connect to server
2021-02-04 23:01:17,188 [ 1] INFO  Unity: OnDestroy NetworkManager.
2021-02-04 23:01:17,188 [ 1] WARN  Unity: CloseConnection(), errorCode: 1007
UnityEngine.Debug:LogWarning(Object)
Network.NetClient:CloseConnection(Int32) (at Assets/Scripts/Network/NetClient.cs:180)
Network.NetClient:OnDestroy() (at Assets/Scripts/Network/NetClient.cs:175)

2021-02-04 23:01:17,191 [ 1] ERROR Unity: Some objects were not cleaned up when closing the scene. (Did you spawn new GameObjects from OnDestroy?)
The following scene GameObjects were found:
IconI
Title
Panel
IconE
ButtonOK
Icons
ButtonCancel
UIMessageBox(Clone)
TitleBar
IconQ
Message
Text
Buttons
Text


